{
  "RSpec": {
    "coverage": {
      "/home/user/UserInterface/spec/support/controller_helpers.rb": [
        1,
        1,
        2,
        6,
        6,
        6,
        null,
        null,
        null
      ],
      "/home/user/UserInterface/spec/controllers/categories_controller_spec.rb": [
        1,
        1,
        null,
        1,
        null,
        null,
        null,
        null,
        null,
        1,
        1,
        1,
        null,
        null,
        1,
        1,
        1,
        null,
        null,
        1,
        1,
        1,
        null,
        null
      ],
      "/home/user/UserInterface/spec/rails_helper.rb": [
        null,
        1,
        1,
        1,
        null,
        1,
        1,
        1,
        1,
        1,
        null,
        null,
        null,
        null,
        null,
        null,
        null,
        null,
        null,
        null,
        null,
        null,
        null,
        null,
        null,
        null,
        null,
        null,
        null,
        null,
        null,
        1,
        null,
        1,
        null,
        1,
        null,
        null,
        null,
        null,
        1,
        null,
        null,
        null,
        null,
        null,
        null,
        null,
        null,
        null,
        null,
        null,
        null,
        null,
        null,
        1,
        null,
        null,
        1,
        null,
        null,
        null
      ],
      "/home/user/UserInterface/config/environment.rb": [
        null,
        1,
        null,
        null,
        1,
        1
      ],
      "/home/user/UserInterface/config/application.rb": [
        1,
        null,
        1,
        null,
        null,
        null,
        1,
        null,
        1,
        1,
        null,
        null,
        null,
        null,
        null
      ],
      "/home/user/UserInterface/config/boot.rb": [
        1,
        null,
        1
      ],
      "/home/user/UserInterface/config/environments/test.rb": [
        1,
        null,
        null,
        null,
        null,
        null,
        null,
        1,
        null,
        null,
        null,
        null,
        1,
        null,
        null,
        1,
        1,
        null,
        null,
        null,
        null,
        1,
        1,
        null,
        null,
        1,
        null,
        null,
        1,
        1,
        null,
        null,
        null,
        null,
        1,
        null,
        null,
        1,
        null,
        null,
        null,
        null
      ],
      "/home/user/UserInterface/config/initializers/application_controller_renderer.rb": [
        null,
        null,
        null,
        null,
        null,
        null,
        null,
        null
      ],
      "/home/user/UserInterface/config/initializers/assets.rb": [
        null,
        null,
        null,
        1,
        null,
        null,
        null,
        null,
        null,
        null,
        null
      ],
      "/home/user/UserInterface/config/initializers/backtrace_silencers.rb": [
        null,
        null,
        null,
        null,
        null,
        null,
        null
      ],
      "/home/user/UserInterface/config/initializers/cookies_serializer.rb": [
        null,
        null,
        null,
        null,
        1
      ],
      "/home/user/UserInterface/config/initializers/devise.rb": [
        null,
        null,
        1,
        null,
        null,
        null,
        null,
        null,
        null,
        null,
        null,
        null,
        null,
        null,
        1,
        null,
        null,
        null,
        null,
        null,
        null,
        null,
        null,
        null,
        null,
        null,
        1,
        null,
        null,
        null,
        null,
        null,
        null,
        null,
        null,
        null,
        null,
        null,
        null,
        null,
        null,
        null,
        null,
        null,
        null,
        null,
        null,
        null,
        1,
        null,
        null,
        null,
        null,
        1,
        null,
        null,
        null,
        null,
        null,
        null,
        null,
        null,
        null,
        null,
        null,
        null,
        null,
        null,
        null,
        null,
        null,
        null,
        null,
        null,
        null,
        null,
        null,
        null,
        null,
        null,
        null,
        null,
        null,
        null,
        1,
        null,
        null,
        null,
        null,
        null,
        null,
        null,
        null,
        null,
        null,
        null,
        null,
        null,
        null,
        null,
        null,
        null,
        null,
        null,
        null,
        null,
        null,
        1,
        null,
        null,
        null,
        null,
        null,
        null,
        null,
        null,
        null,
        null,
        null,
        null,
        null,
        null,
        null,
        null,
        null,
        null,
        null,
        null,
        null,
        null,
        null,
        null,
        null,
        null,
        null,
        1,
        null,
        null,
        null,
        null,
        null,
        null,
        null,
        null,
        null,
        1,
        null,
        null,
        null,
        null,
        null,
        null,
        null,
        null,
        null,
        null,
        1,
        null,
        null,
        null,
        null,
        1,
        null,
        null,
        null,
        null,
        null,
        null,
        null,
        null,
        null,
        null,
        null,
        null,
        null,
        null,
        null,
        null,
        null,
        null,
        null,
        null,
        null,
        null,
        null,
        null,
        null,
        null,
        null,
        null,
        null,
        null,
        null,
        null,
        null,
        null,
        null,
        null,
        null,
        null,
        null,
        null,
        1,
        null,
        null,
        null,
        null,
        null,
        null,
        null,
        null,
        null,
        null,
        null,
        null,
        null,
        null,
        null,
        null,
        null,
        null,
        null,
        null,
        null,
        null,
        null,
        null,
        null,
        null,
        null,
        null,
        null,
        null,
        null,
        null,
        null,
        null,
        null,
        null,
        null,
        null,
        null,
        null,
        null,
        1,
        null,
        null,
        null,
        null,
        null,
        null,
        null,
        null,
        null,
        null,
        null,
        null,
        null,
        null,
        null,
        null,
        null,
        null,
        null,
        null,
        null,
        null,
        null,
        null,
        null,
        null,
        null,
        null,
        null
      ],
      "/home/user/UserInterface/config/initializers/filter_parameter_logging.rb": [
        null,
        null,
        null,
        1
      ],
      "/home/user/UserInterface/config/initializers/inflections.rb": [
        null,
        null,
        null,
        null,
        null,
        null,
        null,
        null,
        null,
        null,
        null,
        null,
        null,
        null,
        null,
        null
      ],
      "/home/user/UserInterface/config/initializers/mime_types.rb": [
        null,
        null,
        null,
        null
      ],
      "/home/user/UserInterface/config/initializers/new_framework_defaults.rb": [
        null,
        null,
        null,
        null,
        null,
        null,
        1,
        null,
        null,
        1,
        null,
        null,
        1,
        null,
        null,
        null,
        1,
        null,
        null,
        1,
        null,
        null,
        1,
        null,
        null,
        1
      ],
      "/home/user/UserInterface/config/initializers/session_store.rb": [
        null,
        null,
        1
      ],
      "/home/user/UserInterface/config/initializers/wrap_parameters.rb": [
        null,
        null,
        null,
        null,
        null,
        null,
        1,
        2,
        null,
        null,
        null,
        null,
        null,
        null
      ],
      "/home/user/UserInterface/spec/factories/categories.rb": [
        1,
        1,
        1,
        1,
        1,
        null,
        null
      ],
      "/home/user/UserInterface/spec/factories/products.rb": [
        1,
        1,
        1,
        1,
        1,
        1,
        null,
        null
      ],
      "/home/user/UserInterface/spec/factories/users.rb": [
        1,
        1,
        1,
        1,
        1,
        null,
        null
      ],
      "/home/user/UserInterface/config/routes.rb": [
        1,
        1,
        1,
        1,
        null,
        1,
        null,
        null
      ],
      "/home/user/UserInterface/app/models/user.rb": [
        1,
        null,
        null,
        1,
        null,
        null
      ],
      "/home/user/UserInterface/app/models/application_record.rb": [
        1,
        1,
        null
      ],
      "/home/user/UserInterface/app/helpers/application_helper.rb": [
        1,
        null
      ],
      "/home/user/UserInterface/app/helpers/categories_helper.rb": [
        1,
        null
      ],
      "/home/user/UserInterface/app/helpers/products_helper.rb": [
        1,
        null
      ],
      "/home/user/UserInterface/app/controllers/categories_controller.rb": [
        1,
        1,
        1,
        null,
        null,
        null,
        1,
        1,
        null,
        null,
        null,
        null,
        1,
        0,
        null,
        null,
        null,
        1,
        1,
        null,
        null,
        null,
        1,
        null,
        null,
        null,
        null,
        1,
        0,
        0,
        0,
        0,
        0,
        0,
        null,
        0,
        0,
        null,
        null,
        null,
        null,
        null,
        null,
        1,
        0,
        0,
        0,
        0,
        null,
        0,
        0,
        null,
        null,
        null,
        null,
        null,
        null,
        1,
        0,
        0,
        0,
        0,
        null,
        null,
        null,
        1,
        null,
        1,
        0,
        null,
        null,
        null,
        1,
        0,
        null,
        null
      ],
      "/home/user/UserInterface/app/controllers/application_controller.rb": [
        1,
        1,
        null,
        1,
        0,
        null,
        null
      ],
      "/home/user/UserInterface/spec/controllers/products_controller_spec.rb": [
        1,
        null,
        1,
        1,
        1,
        1,
        null,
        null,
        1,
        1,
        1,
        null,
        null,
        1,
        1,
        1,
        null,
        null
      ],
      "/home/user/UserInterface/app/controllers/products_controller.rb": [
        1,
        1,
        1,
        null,
        null,
        null,
        1,
        1,
        null,
        null,
        null,
        null,
        1,
        null,
        null,
        null,
        1,
        1,
        null,
        null,
        null,
        1,
        null,
        null,
        null,
        null,
        1,
        0,
        null,
        0,
        0,
        0,
        0,
        null,
        0,
        0,
        null,
        null,
        null,
        null,
        null,
        null,
        1,
        0,
        0,
        0,
        0,
        null,
        0,
        0,
        null,
        null,
        null,
        null,
        null,
        null,
        1,
        0,
        0,
        0,
        0,
        null,
        null,
        null,
        1,
        null,
        1,
        0,
        null,
        null,
        null,
        1,
        0,
        null,
        null
      ],
      "/home/user/UserInterface/spec/models/category_spec.rb": [
        1,
        null,
        1,
        null,
        1,
        1,
        1,
        null,
        null
      ],
      "/home/user/UserInterface/app/models/category.rb": [
        1,
        1,
        1,
        1,
        1,
        1,
        null
      ],
      "/home/user/UserInterface/app/uploaders/avatar_uploader.rb": [
        1,
        null,
        null,
        null,
        null,
        null,
        null,
        1,
        null,
        null,
        null,
        null,
        1,
        0,
        null,
        null,
        null,
        null,
        null,
        null,
        null,
        null,
        null,
        null,
        null,
        null,
        null,
        null,
        null,
        null,
        null,
        null,
        null,
        null,
        null,
        null,
        null,
        null,
        null,
        null,
        null,
        null,
        null,
        null,
        null,
        null,
        null,
        null,
        null
      ],
      "/home/user/UserInterface/spec/models/product_spec.rb": [
        1,
        null,
        1,
        null,
        1,
        1,
        1,
        null,
        null
      ],
      "/home/user/UserInterface/app/models/product.rb": [
        1,
        1,
        1,
        1,
        null
      ],
      "/home/user/UserInterface/spec/models/user_spec.rb": [
        1,
        null,
        1,
        null,
        1,
        1,
        1,
        null,
        null,
        null,
        1,
        1,
        1,
        null,
        null,
        1,
        1,
        1,
        1,
        null,
        null,
        1,
        1,
        1,
        1,
        null,
        null,
        1,
        1,
        1,
        1,
        null,
        null
      ]
    },
    "timestamp": 1512934754
  }
}
